<?xml version="1.0" encoding="UTF-8"?>
<!-- Generated by org.testng.reporters.JUnitReportReporter -->
<testsuite hostname="DESKTOP-JNS84PD" failures="0" tests="1" name="adminappTest.BasicTesting" time="6.483" errors="0" timestamp="2022-06-09T15:48:55 IST" skipped="0">
  <testcase classname="adminappTest.BasicTesting" name="sample" time="6.483"/>
  <system-out/>
</testsuite> <!-- adminappTest.BasicTesting -->
