<?xml version="1.0" encoding="UTF-8"?>
<!-- Generated by org.testng.reporters.JUnitReportReporter -->
<testsuite hostname="DESKTOP-JNS84PD" failures="0" tests="1" name="adminappTest.FrontOfficeTest" time="44.975" errors="0" timestamp="2022-06-16T13:41:52 IST" skipped="0">
  <testcase classname="adminappTest.FrontOfficeTest" name="frontoffice" time="44.975"/>
  <system-out/>
</testsuite> <!-- adminappTest.FrontOfficeTest -->
